<?xml version="1.0" encoding="utf-8"?><testsuites name="pytest tests"><testsuite name="pytest" errors="0" failures="0" skipped="0" tests="14" time="2.197" timestamp="2026-04-16T07:02:47.769610+00:00" hostname="agent-env-fd4485c5-ea3c-4633-9b99-d8959302fe3b"><testcase classname="backend.tests.test_iteration27_features.TestAuthAndSession" name="test_login_success" time="0.366" /><testcase classname="backend.tests.test_iteration27_features.TestNotifications" name="test_get_notifications_returns_list" time="0.383" /><testcase classname="backend.tests.test_iteration27_features.TestNotifications" name="test_notifications_are_deduplicated" time="0.045" /><testcase classname="backend.tests.test_iteration27_features.TestHistoryEndpoints" name="test_get_history_returns_entries" time="0.385" /><testcase classname="backend.tests.test_iteration27_features.TestHistoryEndpoints" name="test_get_recent_by_tool_brief_simplifier" time="0.049" /><testcase classname="backend.tests.test_iteration27_features.TestHistoryEndpoints" name="test_get_recent_by_tool_rubric_simplifier" time="0.046" /><testcase classname="backend.tests.test_iteration27_features.TestHistoryEndpoints" name="test_get_recent_by_tool_essay_scorer" time="0.048" /><testcase classname="backend.tests.test_iteration27_features.TestHistoryEndpoints" name="test_get_recent_by_tool_humaniser" time="0.047" /><testcase classname="backend.tests.test_iteration27_features.TestHistoryEndpoints" name="test_get_recent_by_tool_scaffolder" time="0.047" /><testcase classname="backend.tests.test_iteration27_features.TestHistoryEndpoints" name="test_get_recent_by_tool_course_planner" time="0.047" /><testcase classname="backend.tests.test_iteration27_features.TestHistoryEndpoints" name="test_get_recent_by_tool_decoder" time="0.046" /><testcase classname="backend.tests.test_iteration27_features.TestHistoryEndpoints" name="test_get_recent_by_tool_concept_visualiser" time="0.048" /><testcase classname="backend.tests.test_iteration27_features.TestHistoryEndpoints" name="test_get_recent_by_tool_exec_planner" time="0.046" /><testcase classname="backend.tests.test_iteration27_features.TestSavedOutputsAPI" name="test_save_and_retrieve_output" time="0.478" /></testsuite></testsuites>