<?xml version="1.0" encoding="utf-8"?><testsuites name="pytest tests"><testsuite name="pytest" errors="0" failures="0" skipped="0" tests="11" time="4.349" timestamp="2026-04-16T21:28:01.331733+00:00" hostname="agent-env-fd4485c5-ea3c-4633-9b99-d8959302fe3b"><testcase classname="tests.test_iteration33_is_owner_fix.TestLoginIsOwnerField" name="test_login_returns_is_owner_field" time="0.381" /><testcase classname="tests.test_iteration33_is_owner_fix.TestLoginIsOwnerField" name="test_login_is_owner_false_for_test_user" time="0.348" /><testcase classname="tests.test_iteration33_is_owner_fix.TestLoginIsOwnerField" name="test_login_response_has_all_user_fields" time="0.396" /><testcase classname="tests.test_iteration33_is_owner_fix.TestAuthMeIsOwnerField" name="test_auth_me_returns_is_owner_field" time="0.388" /><testcase classname="tests.test_iteration33_is_owner_fix.TestAuthMeIsOwnerField" name="test_auth_me_is_owner_false_for_test_user" time="0.422" /><testcase classname="tests.test_iteration33_is_owner_fix.TestTicketBypassForOwner" name="test_non_owner_has_numeric_credits" time="0.410" /><testcase classname="tests.test_iteration33_is_owner_fix.TestTicketBypassForOwner" name="test_non_owner_ticket_check_endpoint" time="0.401" /><testcase classname="tests.test_iteration33_is_owner_fix.TestToolPagesAccessibility" name="test_brief_simplifier_history_accessible" time="0.393" /><testcase classname="tests.test_iteration33_is_owner_fix.TestToolPagesAccessibility" name="test_history_endpoint_accessible" time="0.423" /><testcase classname="tests.test_iteration33_is_owner_fix.TestOwnerEmailConstant" name="test_owner_email_is_correct" time="0.328" /><testcase classname="tests.test_iteration33_is_owner_fix.TestUserModelIsOwnerField" name="test_login_response_is_owner_is_boolean" time="0.346" /></testsuite></testsuites>