<?xml version="1.0" encoding="utf-8"?><testsuites name="pytest tests"><testsuite name="pytest" errors="0" failures="0" skipped="0" tests="12" time="2.193" timestamp="2026-04-08T05:31:49.906708+00:00" hostname="agent-env-fd4485c5-ea3c-4633-9b99-d8959302fe3b"><testcase classname="backend.tests.test_iteration19_fixes.TestRubricSimplifierDistinctionBand" name="test_rubric_simplify_empty_text_returns_400" time="0.486" /><testcase classname="backend.tests.test_iteration19_fixes.TestRubricSimplifierDistinctionBand" name="test_rubric_simplify_whitespace_only_returns_400" time="0.371" /><testcase classname="backend.tests.test_iteration19_fixes.TestRubricSimplifierDistinctionBand" name="test_rubric_simplify_without_auth_returns_401" time="0.420" /><testcase classname="backend.tests.test_iteration19_fixes.TestCoursePlannerScheduledClassesSchema" name="test_course_planner_extract_without_auth_returns_401_or_422" time="0.451" /><testcase classname="backend.tests.test_iteration19_fixes.TestCoursePlannerScheduledClassesSchema" name="test_course_planner_extract_without_files_returns_422" time="0.386" /><testcase classname="backend.tests.test_iteration19_fixes.TestBackendPromptSchemaVerification" name="test_rubric_prompt_contains_distinction_field" time="0.000" /><testcase classname="backend.tests.test_iteration19_fixes.TestBackendPromptSchemaVerification" name="test_rubric_prompt_contains_distinction_in_instructions" time="0.000" /><testcase classname="backend.tests.test_iteration19_fixes.TestBackendPromptSchemaVerification" name="test_planner_prompt_contains_expanded_class_schema" time="0.000" /><testcase classname="backend.tests.test_iteration19_fixes.TestBackendPromptSchemaVerification" name="test_rubric_error_handling_surfaces_real_errors" time="0.001" /><testcase classname="backend.tests.test_iteration19_fixes.TestFrontendComponentVerification" name="test_rubric_frontend_contains_distinction_badge" time="0.000" /><testcase classname="backend.tests.test_iteration19_fixes.TestFrontendComponentVerification" name="test_planner_frontend_contains_class_rendering" time="0.000" /><testcase classname="backend.tests.test_iteration19_fixes.TestFrontendComponentVerification" name="test_planner_timeline_shows_class_count" time="0.000" /></testsuite></testsuites>