<?xml version="1.0" encoding="utf-8"?><testsuites name="pytest tests"><testsuite name="pytest" errors="0" failures="0" skipped="0" tests="4" time="1.825" timestamp="2026-04-16T10:30:59.535646+00:00" hostname="agent-env-fd4485c5-ea3c-4633-9b99-d8959302fe3b"><testcase classname="tests.test_iteration31_promo.TestPromoEndpoints" name="test_promo_create_returns_403_for_non_owner" time="0.453" /><testcase classname="tests.test_iteration31_promo.TestPromoEndpoints" name="test_promo_redeem_returns_404_for_invalid_code" time="0.419" /><testcase classname="tests.test_iteration31_promo.TestPromoEndpoints" name="test_promo_redeem_returns_400_for_empty_code" time="0.467" /><testcase classname="tests.test_iteration31_promo.TestCreditsBalance" name="test_credits_balance_returns_is_owner_false_for_non_owner" time="0.425" /></testsuite></testsuites>