<?xml version="1.0" encoding="utf-8"?><testsuites name="pytest tests"><testsuite name="pytest" errors="0" failures="0" skipped="0" tests="12" time="59.962" timestamp="2026-04-04T07:26:54.386801+00:00" hostname="agent-env-fd4485c5-ea3c-4633-9b99-d8959302fe3b"><testcase classname="backend.tests.test_iteration9_features.TestAuth" name="test_login_success" time="0.389" /><testcase classname="backend.tests.test_iteration9_features.TestAuth" name="test_login_invalid_credentials" time="0.108" /><testcase classname="backend.tests.test_iteration9_features.TestAuth" name="test_auth_me_requires_auth" time="0.099" /><testcase classname="backend.tests.test_iteration9_features.TestConceptVisualiser" name="test_concept_visualise_basic" time="32.543" /><testcase classname="backend.tests.test_iteration9_features.TestConceptVisualiser" name="test_concept_visualise_simple_mode" time="20.787" /><testcase classname="backend.tests.test_iteration9_features.TestConceptVisualiser" name="test_concept_visualise_requires_auth" time="0.557" /><testcase classname="backend.tests.test_iteration9_features.TestExistingAPIs" name="test_notifications" time="0.404" /><testcase classname="backend.tests.test_iteration9_features.TestExistingAPIs" name="test_credits_balance" time="0.364" /><testcase classname="backend.tests.test_iteration9_features.TestExistingAPIs" name="test_universities" time="0.369" /><testcase classname="backend.tests.test_iteration9_features.TestExistingAPIs" name="test_user_profile" time="0.358" /><testcase classname="backend.tests.test_iteration9_features.TestExistingAPIs" name="test_briefs_history" time="0.378" /><testcase classname="backend.tests.test_iteration9_features.TestExistingAPIs" name="test_study_buddy_chat" time="3.515" /></testsuite></testsuites>