<?xml version="1.0" encoding="utf-8"?><testsuites name="pytest tests"><testsuite name="pytest" errors="0" failures="0" skipped="0" tests="9" time="1.347" timestamp="2026-04-08T08:02:21.445274+00:00" hostname="agent-env-fd4485c5-ea3c-4633-9b99-d8959302fe3b"><testcase classname="tests.test_iteration22_features.TestBackendHealth" name="test_backend_responds" time="0.141" /><testcase classname="tests.test_iteration22_features.TestSingleTicketPacks" name="test_single_1_pack_exists" time="0.096" /><testcase classname="tests.test_iteration22_features.TestSingleTicketPacks" name="test_single_2_pack_exists" time="0.094" /><testcase classname="tests.test_iteration22_features.TestSingleTicketPacks" name="test_single_3_pack_exists" time="0.128" /><testcase classname="tests.test_iteration22_features.TestOwnerBadgeBackend" name="test_auth_me_returns_is_owner_field" time="0.369" /><testcase classname="tests.test_iteration22_features.TestConceptVisualiserEndpoint" name="test_concept_visualise_endpoint_exists" time="0.098" /><testcase classname="tests.test_iteration22_features.TestMetaDescription" name="test_meta_description_updated" time="0.108" /><testcase classname="tests.test_iteration22_features.TestTicketPacksConfiguration" name="test_ticket_packs_defined" time="0.249" /><testcase classname="tests.test_iteration22_features.TestOwnerEmailConfiguration" name="test_owner_email_defined" time="0.000" /></testsuite></testsuites>