<?xml version="1.0" encoding="utf-8"?><testsuites name="pytest tests"><testsuite name="pytest" errors="0" failures="1" skipped="0" tests="15" time="63.205" timestamp="2026-04-06T05:37:31.817983+00:00" hostname="agent-env-fd4485c5-ea3c-4633-9b99-d8959302fe3b"><testcase classname="backend.tests.test_iteration17_features.TestAuthentication" name="test_login_success" time="0.363" /><testcase classname="backend.tests.test_iteration17_features.TestInputValidation" name="test_decode_jargon_empty_text_returns_400" time="0.391" /><testcase classname="backend.tests.test_iteration17_features.TestInputValidation" name="test_decode_jargon_whitespace_only_returns_400" time="0.056" /><testcase classname="backend.tests.test_iteration17_features.TestInputValidation" name="test_essay_score_empty_text_returns_400" time="0.050" /><testcase classname="backend.tests.test_iteration17_features.TestInputValidation" name="test_rubric_simplify_empty_text_returns_400" time="0.049" /><testcase classname="backend.tests.test_iteration17_features.TestInputValidation" name="test_translate_empty_text_returns_400" time="0.049" /><testcase classname="backend.tests.test_iteration17_features.TestOnboardingGoals" name="test_save_onboarding_goals_returns_recommendation" time="0.373" /><testcase classname="backend.tests.test_iteration17_features.TestOnboardingGoals" name="test_get_onboarding_goals_returns_saved_data" time="0.046" /><testcase classname="backend.tests.test_iteration17_features.TestOnboardingGoals" name="test_different_challenges_get_different_recommendations" time="0.143" /><testcase classname="backend.tests.test_iteration17_features.TestProtectedEndpoints" name="test_protected_endpoints_require_auth" time="0.510" /><testcase classname="backend.tests.test_iteration17_features.TestExportEndpoints" name="test_export_pdf_returns_valid_pdf" time="0.476" /><testcase classname="backend.tests.test_iteration17_features.TestExportEndpoints" name="test_export_docx_returns_valid_docx" time="0.119" /><testcase classname="backend.tests.test_iteration17_features.TestScaffoldBackgroundJob" name="test_scaffold_without_auth_returns_401" time="0.101" /><testcase classname="backend.tests.test_iteration17_features.TestScaffoldBackgroundJob" name="test_scaffold_returns_job_id_immediately" time="0.330" /><testcase classname="backend.tests.test_iteration17_features.TestScaffoldBackgroundJob" name="test_scaffold_status_invalid_job_returns_404" time="60.049"><failure message="AssertionError: Expected 404, got 502&#10;assert 502 == 404&#10; +  where 502 = &lt;Response [502]&gt;.status_code">backend/tests/test_iteration17_features.py:280: in test_scaffold_status_invalid_job_returns_404
    assert resp.status_code == 404, f"Expected 404, got {resp.status_code}"
E   AssertionError: Expected 404, got 502
E   assert 502 == 404
E    +  where 502 = &lt;Response [502]&gt;.status_code</failure></testcase></testsuite></testsuites>