<?xml version="1.0" encoding="utf-8"?><testsuites name="pytest tests"><testsuite name="pytest" errors="0" failures="0" skipped="0" tests="17" time="18.656" timestamp="2026-04-03T23:02:35.116620+00:00" hostname="agent-env-fd4485c5-ea3c-4633-9b99-d8959302fe3b"><testcase classname="backend.tests.test_iteration3_features.TestUniversities" name="test_list_universities_returns_40" time="0.140" /><testcase classname="backend.tests.test_iteration3_features.TestUniversities" name="test_list_universities_has_8_go8" time="0.112" /><testcase classname="backend.tests.test_iteration3_features.TestUniversities" name="test_university_structure" time="0.111" /><testcase classname="backend.tests.test_iteration3_features.TestAuthentication" name="test_login_success" time="0.341" /><testcase classname="backend.tests.test_iteration3_features.TestAuthentication" name="test_login_invalid_credentials" time="0.124" /><testcase classname="backend.tests.test_iteration3_features.TestUserProfile" name="test_update_university" time="0.424" /><testcase classname="backend.tests.test_iteration3_features.TestUserProfile" name="test_get_user_profile" time="0.375" /><testcase classname="backend.tests.test_iteration3_features.TestHiddenCurriculumDecoder" name="test_decode_jargon_success" time="13.156" /><testcase classname="backend.tests.test_iteration3_features.TestHiddenCurriculumDecoder" name="test_decode_jargon_requires_auth" time="0.213" /><testcase classname="backend.tests.test_iteration3_features.TestTranslation" name="test_translate_success" time="1.347" /><testcase classname="backend.tests.test_iteration3_features.TestTranslation" name="test_translate_requires_auth" time="0.110" /><testcase classname="backend.tests.test_iteration3_features.TestICSExport" name="test_export_ics_success" time="0.385" /><testcase classname="backend.tests.test_iteration3_features.TestICSExport" name="test_export_ics_requires_auth" time="0.102" /><testcase classname="backend.tests.test_iteration3_features.TestBriefHistory" name="test_get_brief_history" time="0.396" /><testcase classname="backend.tests.test_iteration3_features.TestBriefHistory" name="test_get_specific_brief" time="0.431" /><testcase classname="backend.tests.test_iteration3_features.TestNeurotype" name="test_save_neurotype" time="0.408" /><testcase classname="backend.tests.test_iteration3_features.TestNeurotype" name="test_get_neurotype" time="0.369" /></testsuite></testsuites>