<?xml version="1.0" encoding="utf-8"?><testsuites name="pytest tests"><testsuite name="pytest" errors="0" failures="0" skipped="0" tests="11" time="66.270" timestamp="2026-04-05T11:19:30.348637+00:00" hostname="agent-env-fd4485c5-ea3c-4633-9b99-d8959302fe3b"><testcase classname="backend.tests.test_iteration14_essay_scorer.TestEssayScorerAuth" name="test_essay_score_without_auth_returns_401" time="0.256" /><testcase classname="backend.tests.test_iteration14_essay_scorer.TestEssayScorerAuth" name="test_essay_deep_feedback_without_auth_returns_401" time="0.134" /><testcase classname="backend.tests.test_iteration14_essay_scorer.TestEssayScorerEndpoint" name="test_essay_score_with_rubric_mode1" time="11.409" /><testcase classname="backend.tests.test_iteration14_essay_scorer.TestEssayScorerEndpoint" name="test_essay_score_without_rubric_mode3" time="12.297" /><testcase classname="backend.tests.test_iteration14_essay_scorer.TestEssayDeepFeedbackEndpoint" name="test_essay_deep_feedback_returns_detailed_feedback" time="39.416" /><testcase classname="backend.tests.test_iteration14_essay_scorer.TestRegressionEndpoints" name="test_auth_me_works" time="0.550" /><testcase classname="backend.tests.test_iteration14_essay_scorer.TestRegressionEndpoints" name="test_notifications_works" time="0.374" /><testcase classname="backend.tests.test_iteration14_essay_scorer.TestRegressionEndpoints" name="test_streak_works" time="0.373" /><testcase classname="backend.tests.test_iteration14_essay_scorer.TestRegressionEndpoints" name="test_briefs_history_works" time="0.375" /><testcase classname="backend.tests.test_iteration14_essay_scorer.TestRegressionEndpoints" name="test_university_intel_works" time="0.378" /><testcase classname="backend.tests.test_iteration14_essay_scorer.TestRegressionEndpoints" name="test_activity_feed_works" time="0.462" /></testsuite></testsuites>