<?xml version="1.0" encoding="utf-8"?><testsuites name="pytest tests"><testsuite name="pytest" errors="0" failures="0" skipped="0" tests="28" time="4.244" timestamp="2026-04-04T10:33:34.754465+00:00" hostname="agent-env-fd4485c5-ea3c-4633-9b99-d8959302fe3b"><testcase classname="backend.tests.test_iteration12_features.TestAuth" name="test_login_success" time="0.529" /><testcase classname="backend.tests.test_iteration12_features.TestStreakEndpoint" name="test_streak_returns_200" time="0.376" /><testcase classname="backend.tests.test_iteration12_features.TestStreakEndpoint" name="test_streak_has_required_fields" time="0.047" /><testcase classname="backend.tests.test_iteration12_features.TestStreakEndpoint" name="test_streak_dates_has_14_items" time="0.047" /><testcase classname="backend.tests.test_iteration12_features.TestStreakEndpoint" name="test_streak_dates_format" time="0.049" /><testcase classname="backend.tests.test_iteration12_features.TestStreakEndpoint" name="test_streak_requires_auth" time="0.104" /><testcase classname="backend.tests.test_iteration12_features.TestWeeklyDigestEndpoint" name="test_digest_returns_200" time="0.369" /><testcase classname="backend.tests.test_iteration12_features.TestWeeklyDigestEndpoint" name="test_digest_has_required_fields" time="0.047" /><testcase classname="backend.tests.test_iteration12_features.TestWeeklyDigestEndpoint" name="test_digest_mood_summary_structure" time="0.049" /><testcase classname="backend.tests.test_iteration12_features.TestWeeklyDigestEndpoint" name="test_digest_briefs_progress_structure" time="0.054" /><testcase classname="backend.tests.test_iteration12_features.TestWeeklyDigestEndpoint" name="test_digest_requires_auth" time="0.099" /><testcase classname="backend.tests.test_iteration12_features.TestShareCardEndpoint" name="test_share_card_returns_200" time="0.415" /><testcase classname="backend.tests.test_iteration12_features.TestShareCardEndpoint" name="test_share_card_has_required_fields" time="0.044" /><testcase classname="backend.tests.test_iteration12_features.TestShareCardEndpoint" name="test_share_card_badges_structure" time="0.045" /><testcase classname="backend.tests.test_iteration12_features.TestShareCardEndpoint" name="test_share_card_invalid_brief_returns_404" time="0.047" /><testcase classname="backend.tests.test_iteration12_features.TestShareCardEndpoint" name="test_share_card_requires_auth" time="0.093" /><testcase classname="backend.tests.test_iteration12_features.TestNeurotypeUIEndpoint" name="test_neurotype_ui_returns_200" time="0.366" /><testcase classname="backend.tests.test_iteration12_features.TestNeurotypeUIEndpoint" name="test_neurotype_ui_has_required_fields" time="0.045" /><testcase classname="backend.tests.test_iteration12_features.TestNeurotypeUIEndpoint" name="test_neurotype_ui_config_structure" time="0.046" /><testcase classname="backend.tests.test_iteration12_features.TestNeurotypeUIEndpoint" name="test_neurotype_ui_requires_auth" time="0.094" /><testcase classname="backend.tests.test_iteration12_features.TestUniversityIntelEndpoint" name="test_university_intel_returns_200" time="0.371" /><testcase classname="backend.tests.test_iteration12_features.TestUniversityIntelEndpoint" name="test_university_intel_has_required_fields" time="0.046" /><testcase classname="backend.tests.test_iteration12_features.TestUniversityIntelEndpoint" name="test_university_intel_tips_is_array" time="0.045" /><testcase classname="backend.tests.test_iteration12_features.TestUniversityIntelEndpoint" name="test_university_intel_requires_auth" time="0.101" /><testcase classname="backend.tests.test_iteration12_features.TestExistingEndpoints" name="test_activity_feed_public" time="0.102" /><testcase classname="backend.tests.test_iteration12_features.TestExistingEndpoints" name="test_notifications_with_auth" time="0.365" /><testcase classname="backend.tests.test_iteration12_features.TestExistingEndpoints" name="test_notifications_requires_auth" time="0.094" /><testcase classname="backend.tests.test_iteration12_features.TestExistingEndpoints" name="test_briefs_history_with_auth" time="0.049" /></testsuite></testsuites>