<?xml version="1.0" encoding="utf-8"?><testsuites name="pytest tests"><testsuite name="pytest" errors="0" failures="0" skipped="0" tests="32" time="88.006" timestamp="2026-04-04T06:39:50.555723+00:00" hostname="agent-env-fd4485c5-ea3c-4633-9b99-d8959302fe3b"><testcase classname="backend.tests.test_predeployment_audit.TestAuth" name="test_login_success" time="0.524" /><testcase classname="backend.tests.test_predeployment_audit.TestAuth" name="test_login_invalid_credentials" time="0.131" /><testcase classname="backend.tests.test_predeployment_audit.TestAuth" name="test_register_duplicate_email" time="0.134" /><testcase classname="backend.tests.test_predeployment_audit.TestAuth" name="test_auth_me_requires_auth" time="0.135" /><testcase classname="backend.tests.test_predeployment_audit.TestRubricSimplifier" name="test_rubric_simplify_requires_auth" time="0.114" /><testcase classname="backend.tests.test_predeployment_audit.TestRubricSimplifier" name="test_rubric_simplify_success" time="38.327" /><testcase classname="backend.tests.test_predeployment_audit.TestEssayScorer" name="test_essay_score_requires_auth" time="0.179" /><testcase classname="backend.tests.test_predeployment_audit.TestEssayScorer" name="test_essay_score_success" time="9.046" /><testcase classname="backend.tests.test_predeployment_audit.TestHumaniser" name="test_humanise_requires_auth" time="0.120" /><testcase classname="backend.tests.test_predeployment_audit.TestHumaniser" name="test_humanise_success" time="2.822" /><testcase classname="backend.tests.test_predeployment_audit.TestAssessmentScaffolder" name="test_scaffold_requires_auth" time="0.118" /><testcase classname="backend.tests.test_predeployment_audit.TestAssessmentScaffolder" name="test_scaffold_success" time="16.056" /><testcase classname="backend.tests.test_predeployment_audit.TestStudyBuddy" name="test_study_buddy_requires_auth" time="0.150" /><testcase classname="backend.tests.test_predeployment_audit.TestStudyBuddy" name="test_study_buddy_chat_success" time="4.363" /><testcase classname="backend.tests.test_predeployment_audit.TestCheckIn" name="test_checkin_requires_auth" time="0.120" /><testcase classname="backend.tests.test_predeployment_audit.TestCheckIn" name="test_checkin_success" time="0.063" /><testcase classname="backend.tests.test_predeployment_audit.TestCheckIn" name="test_checkin_mood_responses" time="0.202" /><testcase classname="backend.tests.test_predeployment_audit.TestExports" name="test_export_pdf_requires_auth" time="0.148" /><testcase classname="backend.tests.test_predeployment_audit.TestExports" name="test_export_docx_requires_auth" time="0.123" /><testcase classname="backend.tests.test_predeployment_audit.TestExports" name="test_export_with_valid_brief" time="0.206" /><testcase classname="backend.tests.test_predeployment_audit.TestCredits" name="test_credits_balance_requires_auth" time="0.100" /><testcase classname="backend.tests.test_predeployment_audit.TestCredits" name="test_credits_balance_success" time="0.052" /><testcase classname="backend.tests.test_predeployment_audit.TestNotifications" name="test_notifications_requires_auth" time="0.140" /><testcase classname="backend.tests.test_predeployment_audit.TestNotifications" name="test_notifications_success" time="0.044" /><testcase classname="backend.tests.test_predeployment_audit.TestHiddenCurriculumDecoder" name="test_decode_jargon_requires_auth" time="0.098" /><testcase classname="backend.tests.test_predeployment_audit.TestHiddenCurriculumDecoder" name="test_decode_jargon_success" time="13.727" /><testcase classname="backend.tests.test_predeployment_audit.TestCoursePlanner" name="test_course_planner_ics_export_requires_auth" time="0.118" /><testcase classname="backend.tests.test_predeployment_audit.TestBriefHistory" name="test_brief_history_requires_auth" time="0.100" /><testcase classname="backend.tests.test_predeployment_audit.TestBriefHistory" name="test_brief_history_success" time="0.056" /><testcase classname="backend.tests.test_predeployment_audit.TestUniversities" name="test_universities_list" time="0.100" /><testcase classname="backend.tests.test_predeployment_audit.TestUserProfile" name="test_user_profile_requires_auth" time="0.099" /><testcase classname="backend.tests.test_predeployment_audit.TestUserProfile" name="test_user_profile_success" time="0.060" /></testsuite></testsuites>