<?xml version="1.0" encoding="utf-8"?><testsuites name="pytest tests"><testsuite name="pytest" errors="0" failures="0" skipped="0" tests="20" time="3.196" timestamp="2026-04-17T01:06:33.906012+00:00" hostname="agent-env-fd4485c5-ea3c-4633-9b99-d8959302fe3b"><testcase classname="backend.tests.test_iteration34_stabilisation.TestAsyncBriefEndpoints" name="test_async_upload_endpoint_exists" time="0.616" /><testcase classname="backend.tests.test_iteration34_stabilisation.TestAsyncBriefEndpoints" name="test_job_status_endpoint_exists" time="0.449" /><testcase classname="backend.tests.test_iteration34_stabilisation.TestAIRiskScoreHeuristic" name="test_compute_ai_risk_score_function_exists" time="1.750" /><testcase classname="backend.tests.test_iteration34_stabilisation.TestAIRiskScoreHeuristic" name="test_compute_ai_risk_score_returns_integer" time="0.001" /><testcase classname="backend.tests.test_iteration34_stabilisation.TestAIRiskScoreHeuristic" name="test_compute_ai_risk_score_different_texts_different_scores" time="0.000" /><testcase classname="backend.tests.test_iteration34_stabilisation.TestAIRiskScoreHeuristic" name="test_compute_ai_risk_score_empty_text" time="0.000" /><testcase classname="backend.tests.test_iteration34_stabilisation.TestUnifiedTicketLogic" name="test_scaffolder_uses_check_tickets_available" time="0.001" /><testcase classname="backend.tests.test_iteration34_stabilisation.TestUnifiedTicketLogic" name="test_error_messages_contain_no_charge_text" time="0.187" /><testcase classname="backend.tests.test_iteration34_stabilisation.TestCleanPdfText" name="test_clean_pdf_text_function_exists" time="0.000" /><testcase classname="backend.tests.test_iteration34_stabilisation.TestCleanPdfText" name="test_clean_pdf_text_fixes_broken_words" time="0.000" /><testcase classname="backend.tests.test_iteration34_stabilisation.TestCleanPdfText" name="test_clean_pdf_text_fixes_ligatures" time="0.000" /><testcase classname="backend.tests.test_iteration34_stabilisation.TestCleanPdfText" name="test_clean_pdf_text_collapses_whitespace" time="0.000" /><testcase classname="backend.tests.test_iteration34_stabilisation.TestEssayScorerDynamicScale" name="test_essay_scorer_prompt_mentions_detected_scale" time="0.001" /><testcase classname="backend.tests.test_iteration34_stabilisation.TestEssayScorerDynamicScale" name="test_essay_scorer_calculates_weighted_average" time="0.001" /><testcase classname="backend.tests.test_iteration34_stabilisation.TestPdfBranding" name="test_pdf_export_branding" time="0.000" /><testcase classname="backend.tests.test_iteration34_stabilisation.TestRubricSimplifierPolish" name="test_rubric_simplifier_dedupes_marks" time="0.000" /><testcase classname="backend.tests.test_iteration34_stabilisation.TestRubricSimplifierPolish" name="test_rubric_simplifier_has_editable_total_marks" time="0.000" /><testcase classname="backend.tests.test_iteration34_stabilisation.TestBriefSimplifierProgressStatus" name="test_brief_simplifier_has_progress_status" time="0.000" /><testcase classname="backend.tests.test_iteration34_stabilisation.TestHumaniserDisclaimer" name="test_humaniser_has_accuracy_notice" time="0.000" /><testcase classname="backend.tests.test_iteration34_stabilisation.TestEssayScorerDeepFeedbackPercentage" name="test_essay_scorer_computes_percentage" time="0.000" /></testsuite></testsuites>