<?xml version="1.0" encoding="utf-8"?><testsuites name="pytest tests"><testsuite name="pytest" errors="0" failures="0" skipped="0" tests="11" time="4.533" timestamp="2026-04-16T09:53:06.178565+00:00" hostname="agent-env-fd4485c5-ea3c-4633-9b99-d8959302fe3b"><testcase classname="tests.test_iteration29_fixes.TestBackendAuth" name="test_login_with_test_credentials" time="0.441" /><testcase classname="tests.test_iteration29_fixes.TestBackendAuth" name="test_auth_me_endpoint" time="0.417" /><testcase classname="tests.test_iteration29_fixes.TestTicketCosts" name="test_ticket_costs_values" time="0.250" /><testcase classname="tests.test_iteration29_fixes.TestAnalyticsEndpoints" name="test_analytics_pathway" time="0.436" /><testcase classname="tests.test_iteration29_fixes.TestAnalyticsEndpoints" name="test_analytics_error" time="0.424" /><testcase classname="tests.test_iteration29_fixes.TestAnalyticsEndpoints" name="test_analytics_session" time="0.417" /><testcase classname="tests.test_iteration29_fixes.TestAnalyticsEndpoints" name="test_analytics_checkin" time="0.423" /><testcase classname="tests.test_iteration29_fixes.TestAnalyticsEndpoints" name="test_analytics_funnel" time="0.405" /><testcase classname="tests.test_iteration29_fixes.TestAnalyticsEndpoints" name="test_analytics_outcome" time="0.419" /><testcase classname="tests.test_iteration29_fixes.TestQuickWinEndpoint" name="test_quick_win_endpoint" time="0.417" /><testcase classname="tests.test_iteration29_fixes.TestHistoryEndpoint" name="test_history_endpoint" time="0.405" /></testsuite></testsuites>