<?xml version="1.0" encoding="utf-8"?><testsuites name="pytest tests"><testsuite name="pytest" errors="0" failures="0" skipped="0" tests="11" time="39.046" timestamp="2026-04-04T03:44:06.022138+00:00" hostname="agent-env-fd4485c5-ea3c-4633-9b99-d8959302fe3b"><testcase classname="backend.tests.test_iteration6_features.TestAuth" name="test_login_success" time="0.529" /><testcase classname="backend.tests.test_iteration6_features.TestAuth" name="test_login_invalid_credentials" time="0.144" /><testcase classname="backend.tests.test_iteration6_features.TestAuth" name="test_auth_me_without_session" time="0.099" /><testcase classname="backend.tests.test_iteration6_features.TestCheckIn" name="test_checkin_great_mood" time="0.415" /><testcase classname="backend.tests.test_iteration6_features.TestCheckIn" name="test_checkin_struggling_mood" time="0.378" /><testcase classname="backend.tests.test_iteration6_features.TestCheckIn" name="test_checkin_overwhelmed_mood" time="0.390" /><testcase classname="backend.tests.test_iteration6_features.TestCheckIn" name="test_get_checkins_history" time="0.437" /><testcase classname="backend.tests.test_iteration6_features.TestRubricSimplifier" name="test_rubric_simplify_returns_new_format" time="35.207" /><testcase classname="backend.tests.test_iteration6_features.TestNotifications" name="test_get_notifications" time="0.430" /><testcase classname="backend.tests.test_iteration6_features.TestCreditsEndpoint" name="test_get_credit_balance" time="0.391" /><testcase classname="backend.tests.test_iteration6_features.TestBriefSimplifier" name="test_get_brief_history" time="0.403" /></testsuite></testsuites>