<?xml version="1.0" encoding="utf-8"?><testsuites name="pytest tests"><testsuite name="pytest" errors="0" failures="0" skipped="0" tests="11" time="88.986" timestamp="2026-04-05T04:32:15.648772+00:00" hostname="agent-env-fd4485c5-ea3c-4633-9b99-d8959302fe3b"><testcase classname="backend.tests.test_iteration13_scaffold.TestScaffoldEndpoint" name="test_scaffold_without_auth_returns_401" time="0.154" /><testcase classname="backend.tests.test_iteration13_scaffold.TestScaffoldEndpoint" name="test_scaffold_without_documents_returns_valid_scaffold" time="41.710" /><testcase classname="backend.tests.test_iteration13_scaffold.TestScaffoldEndpoint" name="test_scaffold_with_documents_returns_full_scaffold" time="45.779" /><testcase classname="backend.tests.test_iteration13_scaffold.TestExistingEndpointsRegression" name="test_auth_login" time="0.455" /><testcase classname="backend.tests.test_iteration13_scaffold.TestExistingEndpointsRegression" name="test_auth_me" time="0.379" /><testcase classname="backend.tests.test_iteration13_scaffold.TestExistingEndpointsRegression" name="test_notifications" time="0.047" /><testcase classname="backend.tests.test_iteration13_scaffold.TestExistingEndpointsRegression" name="test_streak" time="0.054" /><testcase classname="backend.tests.test_iteration13_scaffold.TestExistingEndpointsRegression" name="test_digest_weekly" time="0.049" /><testcase classname="backend.tests.test_iteration13_scaffold.TestExistingEndpointsRegression" name="test_university_intel" time="0.051" /><testcase classname="backend.tests.test_iteration13_scaffold.TestExistingEndpointsRegression" name="test_briefs_history" time="0.074" /><testcase classname="backend.tests.test_iteration13_scaffold.TestExistingEndpointsRegression" name="test_activity_feed" time="0.162" /></testsuite></testsuites>