<?xml version="1.0" encoding="utf-8"?><testsuites name="pytest tests"><testsuite name="pytest" errors="0" failures="0" skipped="0" tests="15" time="47.560" timestamp="2026-04-04T03:09:19.855289+00:00" hostname="agent-env-fd4485c5-ea3c-4633-9b99-d8959302fe3b"><testcase classname="backend.tests.test_iteration5_multiupload.TestAuth" name="test_login_success" time="0.518" /><testcase classname="backend.tests.test_iteration5_multiupload.TestAuth" name="test_auth_me_returns_user" time="0.321" /><testcase classname="backend.tests.test_iteration5_multiupload.TestPdfExtraction" name="test_pdf_extract_endpoint_exists" time="0.421" /><testcase classname="backend.tests.test_iteration5_multiupload.TestPdfExtraction" name="test_pdf_extract_multiple_files" time="0.046" /><testcase classname="backend.tests.test_iteration5_multiupload.TestPdfExtraction" name="test_pdf_extract_up_to_10_files" time="0.053" /><testcase classname="backend.tests.test_iteration5_multiupload.TestNotifications" name="test_notifications_endpoint_exists" time="0.384" /><testcase classname="backend.tests.test_iteration5_multiupload.TestNotifications" name="test_notifications_have_required_fields" time="0.047" /><testcase classname="backend.tests.test_iteration5_multiupload.TestNotifications" name="test_notifications_require_auth" time="0.152" /><testcase classname="backend.tests.test_iteration5_multiupload.TestBriefsMetadataExtraction" name="test_metadata_extraction_endpoint_exists" time="0.386" /><testcase classname="backend.tests.test_iteration5_multiupload.TestToolEndpoints" name="test_rubric_simplify_endpoint" time="4.593" /><testcase classname="backend.tests.test_iteration5_multiupload.TestToolEndpoints" name="test_essay_score_endpoint" time="7.943" /><testcase classname="backend.tests.test_iteration5_multiupload.TestToolEndpoints" name="test_humanise_endpoint" time="2.154" /><testcase classname="backend.tests.test_iteration5_multiupload.TestToolEndpoints" name="test_scaffold_endpoint" time="17.100" /><testcase classname="backend.tests.test_iteration5_multiupload.TestToolEndpoints" name="test_decode_jargon_endpoint" time="10.421" /><testcase classname="backend.tests.test_iteration5_multiupload.TestToolEndpoints" name="test_course_planner_upload_endpoint" time="2.768" /></testsuite></testsuites>