<?xml version="1.0" encoding="utf-8"?><testsuites name="pytest tests"><testsuite name="pytest" errors="0" failures="0" skipped="0" tests="14" time="114.636" timestamp="2026-04-05T13:49:17.140350+00:00" hostname="agent-env-fd4485c5-ea3c-4633-9b99-d8959302fe3b"><testcase classname="backend.tests.test_iteration15_humaniser.TestHumaniserAuth" name="test_humanise_without_auth_returns_401" time="0.206" /><testcase classname="backend.tests.test_iteration15_humaniser.TestHumaniserEndpoint" name="test_humanise_returns_all_required_fields" time="12.807" /><testcase classname="backend.tests.test_iteration15_humaniser.TestHumaniserEndpoint" name="test_humanise_whyThisMatters_is_string" time="12.443" /><testcase classname="backend.tests.test_iteration15_humaniser.TestHumaniserEndpoint" name="test_humanise_changesTable_structure" time="15.490" /><testcase classname="backend.tests.test_iteration15_humaniser.TestHumaniserEndpoint" name="test_humanise_aiDetectionRiskAreas_structure" time="13.780" /><testcase classname="backend.tests.test_iteration15_humaniser.TestHumaniserEndpoint" name="test_humanise_voiceReflectionQuestions_has_3_questions" time="16.281" /><testcase classname="backend.tests.test_iteration15_humaniser.TestHumaniserEndpoint" name="test_humanise_academicEnquiryPrompt_is_string" time="14.704" /><testcase classname="backend.tests.test_iteration15_humaniser.TestHumaniserEndpoint" name="test_humanise_integrityReminder_is_string" time="14.589" /><testcase classname="backend.tests.test_iteration15_humaniser.TestHumaniserEndpoint" name="test_humanise_original_matches_input" time="13.388" /><testcase classname="backend.tests.test_iteration15_humaniser.TestRegressionEndpoints" name="test_auth_me_works" time="0.442" /><testcase classname="backend.tests.test_iteration15_humaniser.TestRegressionEndpoints" name="test_notifications_works" time="0.049" /><testcase classname="backend.tests.test_iteration15_humaniser.TestRegressionEndpoints" name="test_streak_works" time="0.049" /><testcase classname="backend.tests.test_iteration15_humaniser.TestRegressionEndpoints" name="test_essay_score_without_auth_returns_401" time="0.134" /><testcase classname="backend.tests.test_iteration15_humaniser.TestRegressionEndpoints" name="test_scaffold_without_auth_returns_401" time="0.144" /></testsuite></testsuites>