<?xml version="1.0" encoding="utf-8"?><testsuites name="pytest tests"><testsuite name="pytest" errors="0" failures="0" skipped="1" tests="15" time="199.808" timestamp="2026-04-06T04:54:45.178153+00:00" hostname="agent-env-fd4485c5-ea3c-4633-9b99-d8959302fe3b"><testcase classname="backend.tests.test_iteration16_p0_fixes.TestScaffoldPollingPattern" name="test_scaffold_without_auth_returns_401" time="0.253" /><testcase classname="backend.tests.test_iteration16_p0_fixes.TestScaffoldPollingPattern" name="test_scaffold_returns_job_id_immediately" time="0.392" /><testcase classname="backend.tests.test_iteration16_p0_fixes.TestScaffoldPollingPattern" name="test_scaffold_status_polling" time="66.156" /><testcase classname="backend.tests.test_iteration16_p0_fixes.TestScaffoldPollingPattern" name="test_scaffold_result_has_required_keys" time="0.000"><skipped type="pytest.skip" message="No scaffold result from previous test (job may have errored)">/app/backend/tests/test_iteration16_p0_fixes.py:254: No scaffold result from previous test (job may have errored)</skipped></testcase><testcase classname="backend.tests.test_iteration16_p0_fixes.TestScaffoldPollingPattern" name="test_scaffold_status_invalid_job_id_returns_404" time="0.051" /><testcase classname="backend.tests.test_iteration16_p0_fixes.TestToolEndpointsWithRetry" name="test_decode_jargon_with_large_text" time="22.242" /><testcase classname="backend.tests.test_iteration16_p0_fixes.TestToolEndpointsWithRetry" name="test_essay_score_with_rubric" time="10.696" /><testcase classname="backend.tests.test_iteration16_p0_fixes.TestToolEndpointsWithRetry" name="test_humanise_with_academic_text" time="26.909" /><testcase classname="backend.tests.test_iteration16_p0_fixes.TestToolEndpointsWithRetry" name="test_rubric_simplify" time="39.768" /><testcase classname="backend.tests.test_iteration16_p0_fixes.TestToolEndpointsWithRetry" name="test_concept_visualise" time="31.897" /><testcase classname="backend.tests.test_iteration16_p0_fixes.TestErrorHandling" name="test_auth_endpoints_return_401_without_cookie" time="0.822" /><testcase classname="backend.tests.test_iteration16_p0_fixes.TestRegressionEndpoints" name="test_auth_me" time="0.378" /><testcase classname="backend.tests.test_iteration16_p0_fixes.TestRegressionEndpoints" name="test_notifications" time="0.052" /><testcase classname="backend.tests.test_iteration16_p0_fixes.TestRegressionEndpoints" name="test_streak" time="0.059" /><testcase classname="backend.tests.test_iteration16_p0_fixes.TestRegressionEndpoints" name="test_briefs_history" time="0.056" /></testsuite></testsuites>