<?xml version="1.0" encoding="utf-8"?><testsuites name="pytest tests"><testsuite name="pytest" errors="0" failures="0" skipped="0" tests="11" time="14.227" timestamp="2026-04-04T00:10:29.644499+00:00" hostname="agent-env-fd4485c5-ea3c-4633-9b99-d8959302fe3b"><testcase classname="backend.tests.test_iteration4_features.TestAuthEndpoints" name="test_login_success" time="0.427" /><testcase classname="backend.tests.test_iteration4_features.TestAuthEndpoints" name="test_login_invalid_credentials" time="0.146" /><testcase classname="backend.tests.test_iteration4_features.TestAuthEndpoints" name="test_auth_me_with_session" time="0.558" /><testcase classname="backend.tests.test_iteration4_features.TestAuthEndpoints" name="test_auth_me_without_session" time="0.109" /><testcase classname="backend.tests.test_iteration4_features.TestPDFExtractMetadata" name="test_extract_metadata_endpoint_exists" time="0.454" /><testcase classname="backend.tests.test_iteration4_features.TestBriefsHistory" name="test_briefs_history_returns_list" time="0.488" /><testcase classname="backend.tests.test_iteration4_features.TestAIGuidanceEndpoint" name="test_ai_guidance_for_weekly_plan" time="6.165" /><testcase classname="backend.tests.test_iteration4_features.TestAIGuidanceEndpoint" name="test_ai_cognitive_tip" time="5.042" /><testcase classname="backend.tests.test_iteration4_features.TestUserRegistration" name="test_register_new_user" time="0.432" /><testcase classname="backend.tests.test_iteration4_features.TestUserRegistration" name="test_register_duplicate_email" time="0.109" /><testcase classname="backend.tests.test_iteration4_features.TestDashboardTools" name="test_dashboard_endpoint_accessible" time="0.114" /></testsuite></testsuites>