<?xml version="1.0" encoding="utf-8"?><testsuites name="pytest tests"><testsuite name="pytest" errors="0" failures="1" skipped="0" tests="5" time="75.454" timestamp="2026-04-08T07:22:42.025850+00:00" hostname="agent-env-fd4485c5-ea3c-4633-9b99-d8959302fe3b"><testcase classname="backend.tests.test_iteration21_features.TestRubricSimplifierBackend" name="test_rubric_simplify_accepts_optional_brief_text" time="37.605" /><testcase classname="backend.tests.test_iteration21_features.TestRubricSimplifierBackend" name="test_rubric_simplify_without_brief_text" time="37.447" /><testcase classname="backend.tests.test_iteration21_features.TestRubricSimplifierBackend" name="test_rubric_simplify_requires_auth" time="0.121" /><testcase classname="backend.tests.test_iteration21_features.TestRubricSimplifierBackend" name="test_rubric_simplify_requires_rubric_text" time="0.043"><failure message="AssertionError: Expected 400 for empty rubric_text, got 401&#10;assert 401 == 400&#10; +  where 401 = &lt;Response [401]&gt;.status_code">backend/tests/test_iteration21_features.py:145: in test_rubric_simplify_requires_rubric_text
    assert response.status_code == 400, f"Expected 400 for empty rubric_text, got {response.status_code}"
E   AssertionError: Expected 400 for empty rubric_text, got 401
E   assert 401 == 400
E    +  where 401 = &lt;Response [401]&gt;.status_code</failure></testcase><testcase classname="backend.tests.test_iteration21_features.TestRubricSimplifyRequestModel" name="test_model_accepts_brief_text_field" time="0.044" /></testsuite></testsuites>