<?xml version="1.0" encoding="utf-8"?><testsuites name="pytest tests"><testsuite name="pytest" errors="0" failures="1" skipped="0" tests="15" time="15.804" timestamp="2026-04-09T01:50:04.549631+00:00" hostname="agent-env-fd4485c5-ea3c-4633-9b99-d8959302fe3b"><testcase classname="tests.test_iteration25_features.TestHealthAndAuth" name="test_health_check" time="0.253"><failure message="assert 404 == 200&#10; +  where 404 = &lt;Response [404]&gt;.status_code">tests/test_iteration25_features.py:17: in test_health_check
    assert response.status_code == 200
E   assert 404 == 200
E    +  where 404 = &lt;Response [404]&gt;.status_code</failure></testcase><testcase classname="tests.test_iteration25_features.TestHealthAndAuth" name="test_login_with_test_credentials" time="0.344" /><testcase classname="tests.test_iteration25_features.TestUserProfileWithUniversity" name="test_get_me_returns_university_fields" time="0.441" /><testcase classname="tests.test_iteration25_features.TestUserProfileWithUniversity" name="test_profile_update_accepts_university_fields" time="0.435" /><testcase classname="tests.test_iteration25_features.TestUserProfileWithUniversity" name="test_profile_update_requires_auth" time="0.123" /><testcase classname="tests.test_iteration25_features.TestReferralSystem" name="test_user_has_referral_code" time="0.376" /><testcase classname="tests.test_iteration25_features.TestReferralSystem" name="test_redeem_invalid_code_returns_404" time="0.451" /><testcase classname="tests.test_iteration25_features.TestReferralSystem" name="test_redeem_own_code_returns_400" time="0.443" /><testcase classname="tests.test_iteration25_features.TestReferralSystem" name="test_redeem_referral_requires_auth" time="0.134" /><testcase classname="tests.test_iteration25_features.TestOnboardingEndpoints" name="test_complete_onboarding_endpoint" time="0.411" /><testcase classname="tests.test_iteration25_features.TestOnboardingEndpoints" name="test_pain_point_endpoint" time="0.381" /><testcase classname="tests.test_iteration25_features.TestToolEndpointsExist" name="test_rubric_simplify_endpoint_exists" time="0.409" /><testcase classname="tests.test_iteration25_features.TestToolEndpointsExist" name="test_concept_visualise_endpoint_exists" time="10.694" /><testcase classname="tests.test_iteration25_features.TestToolEndpointsExist" name="test_decode_jargon_endpoint_exists" time="0.403" /><testcase classname="tests.test_iteration25_features.TestToolEndpointsExist" name="test_scaffold_endpoint_exists" time="0.394" /></testsuite></testsuites>