<?xml version="1.0" encoding="utf-8"?><testsuites name="pytest tests"><testsuite name="pytest" errors="0" failures="0" skipped="0" tests="13" time="7.607" timestamp="2026-04-04T04:06:38.574284+00:00" hostname="agent-env-fd4485c5-ea3c-4633-9b99-d8959302fe3b"><testcase classname="tests.test_iteration7_features.TestAuth" name="test_login_success" time="0.477" /><testcase classname="tests.test_iteration7_features.TestStudyBuddyChat" name="test_study_buddy_chat_endpoint_exists" time="0.471" /><testcase classname="tests.test_iteration7_features.TestStudyBuddyChat" name="test_study_buddy_chat_with_auth" time="3.901" /><testcase classname="tests.test_iteration7_features.TestStudyBuddyChat" name="test_study_buddy_chat_validates_input" time="0.053" /><testcase classname="tests.test_iteration7_features.TestBriefSimplifierDepthLevel" name="test_upload_brief_accepts_depth_level" time="0.398" /><testcase classname="tests.test_iteration7_features.TestBriefSimplifierDepthLevel" name="test_depth_level_defaults_to_v2" time="0.049" /><testcase classname="tests.test_iteration7_features.TestNotifications" name="test_get_notifications" time="0.401" /><testcase classname="tests.test_iteration7_features.TestCheckIn" name="test_checkin_endpoint" time="0.476" /><testcase classname="tests.test_iteration7_features.TestBriefHistory" name="test_get_brief_history" time="0.377" /><testcase classname="tests.test_iteration7_features.TestBriefHistory" name="test_get_specific_brief" time="0.094" /><testcase classname="tests.test_iteration7_features.TestCreditsEndpoints" name="test_get_credit_balance" time="0.377" /><testcase classname="tests.test_iteration7_features.TestUserProfile" name="test_get_user_profile" time="0.392" /><testcase classname="tests.test_iteration7_features.TestUserProfile" name="test_get_auth_me" time="0.048" /></testsuite></testsuites>