<?xml version="1.0" encoding="utf-8"?><testsuites name="pytest tests"><testsuite name="pytest" errors="0" failures="0" skipped="0" tests="12" time="4.548" timestamp="2026-04-09T01:15:16.853679+00:00" hostname="agent-env-fd4485c5-ea3c-4633-9b99-d8959302fe3b"><testcase classname="backend.tests.test_iteration24_features.TestHealthAndAuth" name="test_backend_health" time="0.166" /><testcase classname="backend.tests.test_iteration24_features.TestHealthAndAuth" name="test_login_with_test_credentials" time="0.347" /><testcase classname="backend.tests.test_iteration24_features.TestNewUserEndpoints" name="test_complete_onboarding_endpoint" time="0.474" /><testcase classname="backend.tests.test_iteration24_features.TestNewUserEndpoints" name="test_pain_point_endpoint" time="0.411" /><testcase classname="backend.tests.test_iteration24_features.TestNewUserEndpoints" name="test_profile_update_endpoint" time="0.421" /><testcase classname="backend.tests.test_iteration24_features.TestNewUserEndpoints" name="test_auth_me_returns_new_fields" time="0.411" /><testcase classname="backend.tests.test_iteration24_features.TestNewUserEndpoints" name="test_profile_update_persists" time="0.539" /><testcase classname="backend.tests.test_iteration24_features.TestEssayScorerEndpoint" name="test_essay_score_endpoint_exists" time="0.384" /><testcase classname="backend.tests.test_iteration24_features.TestEssayScorerEndpoint" name="test_essay_score_requires_essay_text" time="0.469" /><testcase classname="backend.tests.test_iteration24_features.TestEndpointAuthentication" name="test_complete_onboarding_requires_auth" time="0.157" /><testcase classname="backend.tests.test_iteration24_features.TestEndpointAuthentication" name="test_pain_point_requires_auth" time="0.138" /><testcase classname="backend.tests.test_iteration24_features.TestEndpointAuthentication" name="test_profile_update_requires_auth" time="0.520" /></testsuite></testsuites>