<?xml version="1.0" encoding="utf-8"?><testsuites name="pytest tests"><testsuite name="pytest" errors="0" failures="0" skipped="0" tests="12" time="55.299" timestamp="2026-04-04T09:34:14.143406+00:00" hostname="agent-env-fd4485c5-ea3c-4633-9b99-d8959302fe3b"><testcase classname="backend.tests.test_iteration9_features.TestAuth" name="test_login_success" time="0.485" /><testcase classname="backend.tests.test_iteration9_features.TestAuth" name="test_login_invalid_credentials" time="0.101" /><testcase classname="backend.tests.test_iteration9_features.TestAuth" name="test_auth_me_requires_auth" time="0.095" /><testcase classname="backend.tests.test_iteration9_features.TestConceptVisualiser" name="test_concept_visualise_basic" time="27.994" /><testcase classname="backend.tests.test_iteration9_features.TestConceptVisualiser" name="test_concept_visualise_simple_mode" time="20.573" /><testcase classname="backend.tests.test_iteration9_features.TestConceptVisualiser" name="test_concept_visualise_requires_auth" time="0.531" /><testcase classname="backend.tests.test_iteration9_features.TestExistingAPIs" name="test_notifications" time="0.378" /><testcase classname="backend.tests.test_iteration9_features.TestExistingAPIs" name="test_credits_balance" time="0.385" /><testcase classname="backend.tests.test_iteration9_features.TestExistingAPIs" name="test_universities" time="0.372" /><testcase classname="backend.tests.test_iteration9_features.TestExistingAPIs" name="test_user_profile" time="0.389" /><testcase classname="backend.tests.test_iteration9_features.TestExistingAPIs" name="test_briefs_history" time="0.381" /><testcase classname="backend.tests.test_iteration9_features.TestExistingAPIs" name="test_study_buddy_chat" time="3.534" /></testsuite></testsuites>