<?xml version="1.0" encoding="utf-8"?><testsuites name="pytest tests"><testsuite name="pytest" errors="0" failures="0" skipped="0" tests="20" time="7.923" timestamp="2026-04-04T09:35:54.171451+00:00" hostname="agent-env-fd4485c5-ea3c-4633-9b99-d8959302fe3b"><testcase classname="backend.tests.test_refactor_regression.TestAuthEndpoints" name="test_login_valid_credentials" time="0.408" /><testcase classname="backend.tests.test_refactor_regression.TestAuthEndpoints" name="test_login_invalid_credentials" time="0.095" /><testcase classname="backend.tests.test_refactor_regression.TestAuthEndpoints" name="test_auth_me_without_auth" time="0.105" /><testcase classname="backend.tests.test_refactor_regression.TestAuthEndpoints" name="test_auth_me_with_session" time="0.377" /><testcase classname="backend.tests.test_refactor_regression.TestAuthEndpoints" name="test_logout_clears_session" time="0.371" /><testcase classname="backend.tests.test_refactor_regression.TestUserEndpoints" name="test_universities_list" time="0.366" /><testcase classname="backend.tests.test_refactor_regression.TestUserEndpoints" name="test_user_profile" time="0.426" /><testcase classname="backend.tests.test_refactor_regression.TestCreditsEndpoints" name="test_credits_balance" time="0.385" /><testcase classname="backend.tests.test_refactor_regression.TestNotificationsEndpoints" name="test_notifications" time="0.366" /><testcase classname="backend.tests.test_refactor_regression.TestBriefsEndpoints" name="test_briefs_history" time="0.387" /><testcase classname="backend.tests.test_refactor_regression.TestBriefsEndpoints" name="test_pdf_extract_endpoint_exists" time="0.378" /><testcase classname="backend.tests.test_refactor_regression.TestToolsEndpoints" name="test_concept_visualise_requires_auth" time="0.098" /><testcase classname="backend.tests.test_refactor_regression.TestToolsEndpoints" name="test_rubric_simplify_requires_auth" time="0.155" /><testcase classname="backend.tests.test_refactor_regression.TestToolsEndpoints" name="test_essay_score_requires_auth" time="0.096" /><testcase classname="backend.tests.test_refactor_regression.TestToolsEndpoints" name="test_humanise_requires_auth" time="0.102" /><testcase classname="backend.tests.test_refactor_regression.TestToolsEndpoints" name="test_scaffold_requires_auth" time="0.097" /><testcase classname="backend.tests.test_refactor_regression.TestToolsEndpoints" name="test_decode_jargon_requires_auth" time="0.096" /><testcase classname="backend.tests.test_refactor_regression.TestToolsEndpoints" name="test_translate_requires_auth" time="0.093" /><testcase classname="backend.tests.test_refactor_regression.TestChatEndpoints" name="test_study_buddy_chat" time="3.011" /><testcase classname="backend.tests.test_refactor_regression.TestChatEndpoints" name="test_checkin" time="0.422" /></testsuite></testsuites>