<?xml version="1.0" encoding="utf-8"?><testsuites name="pytest tests"><testsuite name="pytest" errors="0" failures="0" skipped="0" tests="14" time="19.335" timestamp="2026-04-03T22:31:14.147201+00:00" hostname="agent-env-fd4485c5-ea3c-4633-9b99-d8959302fe3b"><testcase classname="backend.tests.test_simplifii_api.TestHealthAndAuth" name="test_api_accessible" time="0.295" /><testcase classname="backend.tests.test_simplifii_api.TestHealthAndAuth" name="test_login_success" time="0.380" /><testcase classname="backend.tests.test_simplifii_api.TestHealthAndAuth" name="test_login_invalid_credentials" time="0.127" /><testcase classname="backend.tests.test_simplifii_api.TestHealthAndAuth" name="test_auth_me_without_session" time="0.134" /><testcase classname="backend.tests.test_simplifii_api.TestAuthenticatedEndpoints" name="test_auth_me_with_session" time="0.371" /><testcase classname="backend.tests.test_simplifii_api.TestAuthenticatedEndpoints" name="test_credits_balance" time="0.383" /><testcase classname="backend.tests.test_simplifii_api.TestAuthenticatedEndpoints" name="test_briefs_history" time="0.422" /><testcase classname="backend.tests.test_simplifii_api.TestAuthenticatedEndpoints" name="test_get_specific_brief" time="0.457" /><testcase classname="backend.tests.test_simplifii_api.TestAuthenticatedEndpoints" name="test_logout" time="0.440" /><testcase classname="backend.tests.test_simplifii_api.TestAIGuidanceEndpoint" name="test_ai_guidance_endpoint_exists" time="5.120" /><testcase classname="backend.tests.test_simplifii_api.TestAIGuidanceEndpoint" name="test_ai_guidance_returns_text" time="5.754" /><testcase classname="backend.tests.test_simplifii_api.TestCreditsPurchase" name="test_purchase_creates_checkout_session" time="0.951" /><testcase classname="backend.tests.test_simplifii_api.TestCreditsPurchase" name="test_invalid_package_rejected" time="0.405" /><testcase classname="backend.tests.test_simplifii_api.TestBreakDownTask" name="test_break_down_task" time="3.894" /></testsuite></testsuites>