<?xml version="1.0" encoding="utf-8"?><testsuites name="pytest tests"><testsuite name="pytest" errors="0" failures="0" skipped="0" tests="16" time="45.399" timestamp="2026-04-07T10:27:44.889759+00:00" hostname="agent-env-fd4485c5-ea3c-4633-9b99-d8959302fe3b"><testcase classname="backend.tests.test_iteration18_course_planner.TestCoursePlannerExtraction" name="test_extract_without_auth_returns_401" time="0.242" /><testcase classname="backend.tests.test_iteration18_course_planner.TestCoursePlannerExtraction" name="test_extract_returns_job_id_immediately" time="0.391" /><testcase classname="backend.tests.test_iteration18_course_planner.TestCoursePlannerExtraction" name="test_extraction_status_polling" time="11.905" /><testcase classname="backend.tests.test_iteration18_course_planner.TestCoursePlannerExtraction" name="test_extraction_result_structure" time="0.000" /><testcase classname="backend.tests.test_iteration18_course_planner.TestCoursePlannerExtraction" name="test_extraction_assessments_structure" time="0.000" /><testcase classname="backend.tests.test_iteration18_course_planner.TestCoursePlannerExtraction" name="test_document_intelligence_structure" time="0.000" /><testcase classname="backend.tests.test_iteration18_course_planner.TestCoursePlannerConfirm" name="test_confirm_extraction" time="0.048" /><testcase classname="backend.tests.test_iteration18_course_planner.TestStudyPlanGeneration" name="test_study_plan_without_assessments_returns_400" time="0.047" /><testcase classname="backend.tests.test_iteration18_course_planner.TestStudyPlanGeneration" name="test_study_plan_generation" time="20.659" /><testcase classname="backend.tests.test_iteration18_course_planner.TestICSExport" name="test_export_ics" time="0.062" /><testcase classname="backend.tests.test_iteration18_course_planner.TestQuickWin" name="test_quick_win_endpoint" time="0.048" /><testcase classname="backend.tests.test_iteration18_course_planner.TestQuickWin" name="test_quick_win_without_auth_returns_401" time="0.129" /><testcase classname="backend.tests.test_iteration18_course_planner.TestEdgeCases" name="test_extract_with_no_files_returns_422" time="0.043" /><testcase classname="backend.tests.test_iteration18_course_planner.TestEdgeCases" name="test_status_with_invalid_job_id_returns_404" time="0.045" /><testcase classname="backend.tests.test_iteration18_course_planner.TestEdgeCases" name="test_extract_with_max_files" time="0.080" /><testcase classname="backend.tests.test_iteration18_course_planner.TestEdgeCases" name="test_extract_with_too_many_files_returns_400" time="11.591" /></testsuite></testsuites>