<?xml version="1.0" encoding="utf-8"?><testsuites name="pytest tests"><testsuite name="pytest" errors="0" failures="0" skipped="0" tests="17" time="59.319" timestamp="2026-04-08T06:47:25.882341+00:00" hostname="agent-env-fd4485c5-ea3c-4633-9b99-d8959302fe3b"><testcase classname="backend.tests.test_iteration20_tickets.TestCreditsBalance" name="test_balance_returns_correct_structure" time="0.562" /><testcase classname="backend.tests.test_iteration20_tickets.TestCreditsBalance" name="test_balance_returns_correct_costs" time="0.044" /><testcase classname="backend.tests.test_iteration20_tickets.TestCreditsBalance" name="test_balance_requires_auth" time="0.109" /><testcase classname="backend.tests.test_iteration20_tickets.TestCreditsPurchase" name="test_purchase_creates_stripe_session" time="0.603" /><testcase classname="backend.tests.test_iteration20_tickets.TestCreditsPurchase" name="test_purchase_invalid_package" time="0.047" /><testcase classname="backend.tests.test_iteration20_tickets.TestCreditsPurchase" name="test_purchase_requires_auth" time="0.102" /><testcase classname="backend.tests.test_iteration20_tickets.TestCreditsStatus" name="test_status_not_found_for_invalid_session" time="0.045" /><testcase classname="backend.tests.test_iteration20_tickets.TestCreditsStatus" name="test_status_requires_auth" time="0.107" /><testcase classname="backend.tests.test_iteration20_tickets.TestTicketDeduction" name="test_decoder_deducts_1_ticket" time="19.671" /><testcase classname="backend.tests.test_iteration20_tickets.TestTicketDeduction" name="test_humaniser_deducts_1_ticket" time="21.293" /><testcase classname="backend.tests.test_iteration20_tickets.TestTicketDeduction" name="test_rubric_simplifier_deducts_1_ticket" time="16.357" /><testcase classname="backend.tests.test_iteration20_tickets.TestInsufficientTickets" name="test_402_error_when_no_tickets" time="0.049" /><testcase classname="backend.tests.test_iteration20_tickets.TestInsufficientTickets" name="test_402_error_for_expensive_tool" time="0.059" /><testcase classname="backend.tests.test_iteration20_tickets.TestTicketCostsInCode" name="test_brief_simplifier_costs_2" time="0.047" /><testcase classname="backend.tests.test_iteration20_tickets.TestTicketCostsInCode" name="test_course_planner_costs_3" time="0.045" /><testcase classname="backend.tests.test_iteration20_tickets.TestTicketCostsInCode" name="test_essay_scorer_costs_2" time="0.043" /><testcase classname="backend.tests.test_iteration20_tickets.TestTicketCostsInCode" name="test_other_tools_cost_1" time="0.046" /></testsuite></testsuites>