<?xml version="1.0" encoding="utf-8"?><testsuites name="pytest tests"><testsuite name="pytest" errors="0" failures="0" skipped="0" tests="14" time="2.226" timestamp="2026-04-04T09:52:55.325916+00:00" hostname="agent-env-fd4485c5-ea3c-4633-9b99-d8959302fe3b"><testcase classname="backend.tests.test_activity_feed.TestActivityFeedEndpoint" name="test_activity_feed_returns_200_without_auth" time="0.245" /><testcase classname="backend.tests.test_activity_feed.TestActivityFeedEndpoint" name="test_activity_feed_returns_feed_array" time="0.100" /><testcase classname="backend.tests.test_activity_feed.TestActivityFeedEndpoint" name="test_activity_feed_max_12_items" time="0.105" /><testcase classname="backend.tests.test_activity_feed.TestActivityFeedEndpoint" name="test_activity_feed_item_structure" time="0.108" /><testcase classname="backend.tests.test_activity_feed.TestActivityFeedEndpoint" name="test_activity_feed_message_is_string" time="0.092" /><testcase classname="backend.tests.test_activity_feed.TestActivityFeedEndpoint" name="test_activity_feed_tool_values" time="0.095" /><testcase classname="backend.tests.test_activity_feed.TestActivityFeedEndpoint" name="test_activity_feed_time_ago_format" time="0.100" /><testcase classname="backend.tests.test_activity_feed.TestActivityFeedEndpoint" name="test_activity_feed_sorted_by_recent" time="0.135" /><testcase classname="backend.tests.test_activity_feed.TestActivityFeedEndpoint" name="test_activity_feed_anonymised_no_emails" time="0.098" /><testcase classname="backend.tests.test_activity_feed.TestActivityFeedEndpoint" name="test_activity_feed_anonymised_no_user_ids" time="0.132" /><testcase classname="backend.tests.test_activity_feed.TestActivityFeedEndpoint" name="test_activity_feed_uses_anonymous_prefixes" time="0.104" /><testcase classname="backend.tests.test_activity_feed.TestExistingEndpointsStillWork" name="test_login_still_works" time="0.335" /><testcase classname="backend.tests.test_activity_feed.TestExistingEndpointsStillWork" name="test_notifications_endpoint_requires_auth" time="0.094" /><testcase classname="backend.tests.test_activity_feed.TestExistingEndpointsStillWork" name="test_notifications_with_auth" time="0.400" /></testsuite></testsuites>