<?xml version="1.0" encoding="utf-8"?><testsuites name="pytest tests"><testsuite name="pytest" errors="0" failures="0" skipped="0" tests="14" time="5.997" timestamp="2026-04-09T04:01:14.015840+00:00" hostname="agent-env-fd4485c5-ea3c-4633-9b99-d8959302fe3b"><testcase classname="tests.test_iteration26_feedback.TestFeedbackEndpoints" name="test_feedback_tool_positive" time="0.502" /><testcase classname="tests.test_iteration26_feedback.TestFeedbackEndpoints" name="test_feedback_tool_neutral" time="0.421" /><testcase classname="tests.test_iteration26_feedback.TestFeedbackEndpoints" name="test_feedback_tool_negative" time="0.381" /><testcase classname="tests.test_iteration26_feedback.TestFeedbackEndpoints" name="test_feedback_tool_invalid_reaction" time="0.397" /><testcase classname="tests.test_iteration26_feedback.TestFeedbackEndpoints" name="test_feedback_codesign_join" time="0.439" /><testcase classname="tests.test_iteration26_feedback.TestFeedbackEndpoints" name="test_feedback_summary_non_admin" time="0.387" /><testcase classname="tests.test_iteration26_feedback.TestLabEndpoints" name="test_lab_submit_suggestion" time="0.444" /><testcase classname="tests.test_iteration26_feedback.TestLabEndpoints" name="test_lab_submit_problem" time="0.420" /><testcase classname="tests.test_iteration26_feedback.TestLabEndpoints" name="test_lab_submit_invalid_type" time="0.382" /><testcase classname="tests.test_iteration26_feedback.TestLabEndpoints" name="test_lab_get_votes" time="0.395" /><testcase classname="tests.test_iteration26_feedback.TestLabEndpoints" name="test_lab_vote_new_idea" time="0.519" /><testcase classname="tests.test_iteration26_feedback.TestLabEndpoints" name="test_lab_vote_missing_idea_id" time="0.392" /><testcase classname="tests.test_iteration26_feedback.TestHumaniserAiRiskScores" name="test_humanise_endpoint_exists" time="0.393" /><testcase classname="tests.test_iteration26_feedback.TestHistorySaveAutosave" name="test_history_save_endpoint" time="0.406" /></testsuite></testsuites>