<?xml version="1.0" encoding="utf-8"?><testsuites name="pytest tests"><testsuite name="pytest" errors="0" failures="0" skipped="0" tests="12" time="4.798" timestamp="2026-04-16T08:41:16.647121+00:00" hostname="agent-env-fd4485c5-ea3c-4633-9b99-d8959302fe3b"><testcase classname="backend.tests.test_iteration28_features.TestTicketCosts" name="test_ticket_costs_via_credits_page" time="0.515" /><testcase classname="backend.tests.test_iteration28_features.TestAuthSignupCredits" name="test_register_gives_5_credits" time="0.388" /><testcase classname="backend.tests.test_iteration28_features.TestAnalyticsEndpoints" name="test_analytics_pathway" time="0.415" /><testcase classname="backend.tests.test_iteration28_features.TestAnalyticsEndpoints" name="test_analytics_error" time="0.419" /><testcase classname="backend.tests.test_iteration28_features.TestAnalyticsEndpoints" name="test_analytics_session" time="0.413" /><testcase classname="backend.tests.test_iteration28_features.TestAnalyticsEndpoints" name="test_analytics_checkin" time="0.411" /><testcase classname="backend.tests.test_iteration28_features.TestAnalyticsEndpoints" name="test_analytics_funnel" time="0.431" /><testcase classname="backend.tests.test_iteration28_features.TestAnalyticsEndpoints" name="test_analytics_outcome" time="0.431" /><testcase classname="backend.tests.test_iteration28_features.TestAuthEndpoints" name="test_login_success" time="0.346" /><testcase classname="backend.tests.test_iteration28_features.TestAuthEndpoints" name="test_login_invalid_credentials" time="0.136" /><testcase classname="backend.tests.test_iteration28_features.TestAuthEndpoints" name="test_get_me" time="0.404" /><testcase classname="backend.tests.test_iteration28_features.TestQuickWinEndpoint" name="test_quick_win_endpoint" time="0.411" /></testsuite></testsuites>