<?xml version="1.0" encoding="utf-8"?><testsuites name="pytest tests"><testsuite name="pytest" errors="0" failures="0" skipped="0" tests="5" time="1.094" timestamp="2026-04-16T10:52:38.995092+00:00" hostname="agent-env-fd4485c5-ea3c-4633-9b99-d8959302fe3b"><testcase classname="backend.tests.test_iteration32_showcase.TestShowcaseVideosPublic" name="test_get_showcase_videos_returns_200" time="0.158" /><testcase classname="backend.tests.test_iteration32_showcase.TestShowcaseVideosPublic" name="test_get_showcase_videos_returns_3_videos" time="0.140" /><testcase classname="backend.tests.test_iteration32_showcase.TestShowcaseVideosPublic" name="test_get_showcase_videos_structure" time="0.162" /><testcase classname="backend.tests.test_iteration32_showcase.TestShowcaseVideosOwnerOnly" name="test_put_showcase_video_without_auth_returns_401" time="0.129" /><testcase classname="backend.tests.test_iteration32_showcase.TestShowcaseVideosOwnerOnly" name="test_put_showcase_video_non_owner_returns_403" time="0.441" /></testsuite></testsuites>