<?xml version="1.0" encoding="utf-8"?><testsuites name="pytest tests"><testsuite name="pytest" errors="0" failures="1" skipped="0" tests="15" time="58.582" timestamp="2026-04-08T09:21:23.548463+00:00" hostname="agent-env-fd4485c5-ea3c-4633-9b99-d8959302fe3b"><testcase classname="backend.tests.test_iteration23_features.TestHealthCheck" name="test_backend_health" time="0.223"><failure message="assert 404 == 200&#10; +  where 404 = &lt;Response [404]&gt;.status_code">backend/tests/test_iteration23_features.py:36: in test_backend_health
    assert response.status_code == 200
E   assert 404 == 200
E    +  where 404 = &lt;Response [404]&gt;.status_code</failure></testcase><testcase classname="backend.tests.test_iteration23_features.TestHistoryCRUD" name="test_save_history_entry" time="0.152" /><testcase classname="backend.tests.test_iteration23_features.TestHistoryCRUD" name="test_get_history_list" time="0.132" /><testcase classname="backend.tests.test_iteration23_features.TestHistoryCRUD" name="test_get_history_with_limit" time="0.140" /><testcase classname="backend.tests.test_iteration23_features.TestHistoryCRUD" name="test_get_history_with_tool_filter" time="0.141" /><testcase classname="backend.tests.test_iteration23_features.TestHistoryCRUD" name="test_history_crud_full_flow" time="0.257" /><testcase classname="backend.tests.test_iteration23_features.TestHistoryCRUD" name="test_history_entry_not_found" time="0.100" /><testcase classname="backend.tests.test_iteration23_features.TestHistoryCRUD" name="test_history_requires_auth" time="0.096" /><testcase classname="backend.tests.test_iteration23_features.TestEssayScorerFixes" name="test_essay_scorer_endpoint_exists" time="12.692" /><testcase classname="backend.tests.test_iteration23_features.TestEssayScorerFixes" name="test_essay_scorer_requires_text" time="0.183" /><testcase classname="backend.tests.test_iteration23_features.TestHiddenCurriculumDecoder" name="test_decode_jargon_endpoint_exists" time="14.115" /><testcase classname="backend.tests.test_iteration23_features.TestConceptVisualiser" name="test_concept_visualise_endpoint_exists" time="29.810" /><testcase classname="backend.tests.test_iteration23_features.TestPublicPages" name="test_privacy_page_accessible" time="0.154" /><testcase classname="backend.tests.test_iteration23_features.TestPublicPages" name="test_terms_page_accessible" time="0.096" /><testcase classname="backend.tests.test_iteration23_features.TestCleanup" name="test_cleanup_test_history" time="0.147" /></testsuite></testsuites>